<?xml version="1.0" encoding="UTF-8"?>
<testng-results ignored="0" total="1" passed="1" failed="0" skipped="0">
  <reporter-output>
  </reporter-output>
  <suite started-at="2020-04-10T19:10:29 CEST" name="TestCase1" finished-at="2020-04-10T19:10:46 CEST" duration-ms="17927">
    <groups>
    </groups>
    <test started-at="2020-04-10T19:10:29 CEST" name="Command line test" finished-at="2020-04-10T19:10:46 CEST" duration-ms="17927">
      <class name="TestCase1">
        <test-method signature="FaceBookTestSignUp()[pri:0, instance:TestCase1@2e4b8173]" started-at="2020-04-10T19:10:29 CEST" name="FaceBookTestSignUp" finished-at="2020-04-10T19:10:46 CEST" duration-ms="17870" status="PASS">
          <reporter-output>
          </reporter-output>
        </test-method> <!-- FaceBookTestSignUp -->
      </class> <!-- TestCase1 -->
    </test> <!-- Command line test -->
  </suite> <!-- TestCase1 -->
</testng-results>
